2024-10-24 22:01:38,336 - core.market_data - ERROR - OpenBB data fetch error for RELIANCE.NS: 'App' object has no attribute 'stocks'
2024-10-25 11:18:43,809 - core.market_data - ERROR - NSE data fetch error for RELIANCE: Event loop is closed
2024-10-25 11:18:43,928 - core.market_data - ERROR - NSE data fetch error for TCS: Event loop is closed
2024-10-25 11:18:44,051 - core.market_data - ERROR - NSE data fetch error for INFY: Event loop is closed
2024-10-25 11:18:44,166 - core.market_data - ERROR - NSE data fetch error for HDFCBANK: Event loop is closed
2024-10-25 11:18:44,213 - core.market_data - ERROR - NSE data fetch error for RELIANCE: Event loop is closed
2024-10-25 11:18:44,281 - core.market_data - ERROR - NSE data fetch error for TCS: Event loop is closed
2024-10-25 11:18:44,338 - core.market_data - ERROR - NSE data fetch error for INFY: Event loop is closed
2024-10-25 11:18:44,386 - core.market_data - ERROR - NSE data fetch error for HDFCBANK: Event loop is closed
2024-10-25 11:18:48,260 - core.market_data - ERROR - NSE data fetch error for RELIANCE: Event loop is closed
2024-10-25 11:18:48,313 - core.market_data - ERROR - NSE data fetch error for TCS: Event loop is closed
2024-10-25 11:18:48,363 - core.market_data - ERROR - NSE data fetch error for INFY: Event loop is closed
2024-10-25 11:18:48,413 - core.market_data - ERROR - NSE data fetch error for HDFCBANK: Event loop is closed
2024-10-25 11:18:48,460 - core.market_data - ERROR - NSE data fetch error for RELIANCE: Event loop is closed
2024-10-25 11:18:48,512 - core.market_data - ERROR - NSE data fetch error for TCS: Event loop is closed
2024-10-25 11:18:48,565 - core.market_data - ERROR - NSE data fetch error for INFY: Event loop is closed
2024-10-25 11:18:48,613 - core.market_data - ERROR - NSE data fetch error for HDFCBANK: Event loop is closed
2024-10-25 11:18:53,645 - core.market_data - ERROR - NSE data fetch error for RELIANCE: Event loop is closed
2024-10-25 11:18:53,696 - core.market_data - ERROR - NSE data fetch error for TCS: Event loop is closed
2024-10-25 11:18:53,745 - core.market_data - ERROR - NSE data fetch error for INFY: Event loop is closed
2024-10-25 11:18:53,802 - core.market_data - ERROR - NSE data fetch error for HDFCBANK: Event loop is closed
2024-10-25 11:18:53,852 - core.market_data - ERROR - NSE data fetch error for RELIANCE: Event loop is closed
2024-10-25 11:18:53,904 - core.market_data - ERROR - NSE data fetch error for TCS: Event loop is closed
2024-10-25 11:18:53,952 - core.market_data - ERROR - NSE data fetch error for INFY: Event loop is closed
2024-10-25 11:18:54,002 - core.market_data - ERROR - NSE data fetch error for HDFCBANK: Event loop is closed
2024-10-25 11:18:58,416 - core.market_data - ERROR - NSE data fetch error for RELIANCE: Event loop is closed
2024-10-25 11:18:58,594 - core.market_data - ERROR - NSE data fetch error for TCS: Event loop is closed
2024-10-25 11:18:58,743 - core.market_data - ERROR - NSE data fetch error for INFY: Event loop is closed
2024-10-25 11:18:58,858 - core.market_data - ERROR - NSE data fetch error for HDFCBANK: Event loop is closed
2024-10-25 11:18:58,906 - core.market_data - ERROR - NSE data fetch error for RELIANCE: Event loop is closed
2024-10-25 11:18:58,957 - core.market_data - ERROR - NSE data fetch error for TCS: Event loop is closed
2024-10-25 11:18:59,008 - core.market_data - ERROR - NSE data fetch error for INFY: Event loop is closed
2024-10-25 11:18:59,058 - core.market_data - ERROR - NSE data fetch error for HDFCBANK: Event loop is closed
2024-10-25 11:19:07,718 - core.market_data - ERROR - NSE data fetch error for RELIANCE: Event loop is closed
2024-10-25 11:19:07,766 - core.market_data - ERROR - NSE data fetch error for TCS: Event loop is closed
2024-10-25 11:19:07,814 - core.market_data - ERROR - NSE data fetch error for INFY: Event loop is closed
2024-10-25 11:19:07,863 - core.market_data - ERROR - NSE data fetch error for HDFCBANK: Event loop is closed
2024-10-25 11:19:07,913 - core.market_data - ERROR - NSE data fetch error for RELIANCE: Event loop is closed
2024-10-25 11:19:07,961 - core.market_data - ERROR - NSE data fetch error for TCS: Event loop is closed
2024-10-25 11:19:08,010 - core.market_data - ERROR - NSE data fetch error for INFY: Event loop is closed
2024-10-25 11:19:08,058 - core.market_data - ERROR - NSE data fetch error for HDFCBANK: Event loop is closed
2024-10-25 11:19:09,881 - core.market_data - ERROR - NSE data fetch error for RELIANCE: Event loop is closed
2024-10-25 11:19:09,995 - core.market_data - ERROR - NSE data fetch error for TCS: Event loop is closed
2024-10-25 11:19:10,132 - core.market_data - ERROR - NSE data fetch error for INFY: Event loop is closed
2024-10-25 11:19:10,265 - core.market_data - ERROR - NSE data fetch error for HDFCBANK: Event loop is closed
2024-10-25 11:19:10,313 - core.market_data - ERROR - NSE data fetch error for RELIANCE: Event loop is closed
2024-10-25 11:19:10,361 - core.market_data - ERROR - NSE data fetch error for TCS: Event loop is closed
2024-10-25 11:19:10,414 - core.market_data - ERROR - NSE data fetch error for INFY: Event loop is closed
2024-10-25 11:19:10,462 - core.market_data - ERROR - NSE data fetch error for HDFCBANK: Event loop is closed
2024-10-25 11:19:14,202 - core.market_data - ERROR - NSE data fetch error for RELIANCE: Event loop is closed
2024-10-25 11:19:14,255 - core.market_data - ERROR - NSE data fetch error for TCS: Event loop is closed
2024-10-25 11:19:14,306 - core.market_data - ERROR - NSE data fetch error for INFY: Event loop is closed
2024-10-25 11:19:14,355 - core.market_data - ERROR - NSE data fetch error for HDFCBANK: Event loop is closed
2024-10-25 11:19:14,403 - core.market_data - ERROR - NSE data fetch error for RELIANCE: Event loop is closed
2024-10-25 11:19:14,456 - core.market_data - ERROR - NSE data fetch error for TCS: Event loop is closed
2024-10-25 11:19:14,511 - core.market_data - ERROR - NSE data fetch error for INFY: Event loop is closed
2024-10-25 11:19:14,559 - core.market_data - ERROR - NSE data fetch error for HDFCBANK: Event loop is closed
2024-10-25 11:19:22,031 - core.market_data - ERROR - NSE data fetch error for RELIANCE: Event loop is closed
2024-10-25 11:19:22,141 - core.market_data - ERROR - NSE data fetch error for TCS: Event loop is closed
2024-10-25 11:19:22,339 - core.market_data - ERROR - NSE data fetch error for INFY: Event loop is closed
2024-10-25 11:19:22,458 - core.market_data - ERROR - NSE data fetch error for HDFCBANK: Event loop is closed
2024-10-25 11:19:22,505 - core.market_data - ERROR - NSE data fetch error for RELIANCE: Event loop is closed
2024-10-25 11:19:22,560 - core.market_data - ERROR - NSE data fetch error for TCS: Event loop is closed
2024-10-25 11:19:22,608 - core.market_data - ERROR - NSE data fetch error for INFY: Event loop is closed
2024-10-25 11:19:22,655 - core.market_data - ERROR - NSE data fetch error for HDFCBANK: Event loop is closed
2024-10-25 11:19:26,668 - core.market_data - ERROR - NSE data fetch error for RELIANCE: Event loop is closed
2024-10-25 11:19:26,722 - core.market_data - ERROR - NSE data fetch error for TCS: Event loop is closed
2024-10-25 11:19:26,787 - core.market_data - ERROR - NSE data fetch error for INFY: Event loop is closed
2024-10-25 11:19:26,842 - core.market_data - ERROR - NSE data fetch error for HDFCBANK: Event loop is closed
2024-10-25 11:19:26,889 - core.market_data - ERROR - NSE data fetch error for RELIANCE: Event loop is closed
2024-10-25 11:19:26,936 - core.market_data - ERROR - NSE data fetch error for TCS: Event loop is closed
2024-10-25 11:19:26,983 - core.market_data - ERROR - NSE data fetch error for INFY: Event loop is closed
2024-10-25 11:19:27,031 - core.market_data - ERROR - NSE data fetch error for HDFCBANK: Event loop is closed
2024-10-25 11:19:31,398 - core.market_data - ERROR - NSE data fetch error for RELIANCE: Event loop is closed
2024-10-25 11:19:31,446 - core.market_data - ERROR - NSE data fetch error for TCS: Event loop is closed
2024-10-25 11:19:31,494 - core.market_data - ERROR - NSE data fetch error for INFY: Event loop is closed
2024-10-25 11:19:31,542 - core.market_data - ERROR - NSE data fetch error for HDFCBANK: Event loop is closed
2024-10-25 11:19:31,589 - core.market_data - ERROR - NSE data fetch error for RELIANCE: Event loop is closed
2024-10-25 11:19:31,636 - core.market_data - ERROR - NSE data fetch error for TCS: Event loop is closed
2024-10-25 11:19:31,683 - core.market_data - ERROR - NSE data fetch error for INFY: Event loop is closed
2024-10-25 11:19:31,731 - core.market_data - ERROR - NSE data fetch error for HDFCBANK: Event loop is closed
2024-10-25 11:19:37,196 - core.market_data - ERROR - NSE data fetch error for RELIANCE: Event loop is closed
2024-10-25 11:19:37,336 - core.market_data - ERROR - NSE data fetch error for TCS: Event loop is closed
2024-10-25 11:19:37,465 - core.market_data - ERROR - NSE data fetch error for INFY: Event loop is closed
2024-10-25 11:19:37,620 - core.market_data - ERROR - NSE data fetch error for HDFCBANK: Event loop is closed
2024-10-25 11:19:37,669 - core.market_data - ERROR - NSE data fetch error for RELIANCE: Event loop is closed
2024-10-25 11:19:37,716 - core.market_data - ERROR - NSE data fetch error for TCS: Event loop is closed
2024-10-25 11:19:37,765 - core.market_data - ERROR - NSE data fetch error for INFY: Event loop is closed
2024-10-25 11:19:37,814 - core.market_data - ERROR - NSE data fetch error for HDFCBANK: Event loop is closed
2024-10-25 11:19:39,880 - core.market_data - ERROR - NSE data fetch error for RELIANCE: Event loop is closed
2024-10-25 11:19:39,928 - core.market_data - ERROR - NSE data fetch error for TCS: Event loop is closed
2024-10-25 11:19:39,976 - core.market_data - ERROR - NSE data fetch error for INFY: Event loop is closed
2024-10-25 11:19:40,024 - core.market_data - ERROR - NSE data fetch error for HDFCBANK: Event loop is closed
2024-10-25 11:19:40,074 - core.market_data - ERROR - NSE data fetch error for RELIANCE: Event loop is closed
2024-10-25 11:19:40,126 - core.market_data - ERROR - NSE data fetch error for TCS: Event loop is closed
2024-10-25 11:19:40,174 - core.market_data - ERROR - NSE data fetch error for INFY: Event loop is closed
2024-10-25 11:19:40,228 - core.market_data - ERROR - NSE data fetch error for HDFCBANK: Event loop is closed
2024-10-25 11:19:43,885 - core.market_data - ERROR - NSE data fetch error for RELIANCE: Event loop is closed
2024-10-25 11:19:43,932 - core.market_data - ERROR - NSE data fetch error for TCS: Event loop is closed
2024-10-25 11:19:43,980 - core.market_data - ERROR - NSE data fetch error for INFY: Event loop is closed
2024-10-25 11:19:44,035 - core.market_data - ERROR - NSE data fetch error for HDFCBANK: Event loop is closed
2024-10-25 11:19:44,082 - core.market_data - ERROR - NSE data fetch error for RELIANCE: Event loop is closed
2024-10-25 11:19:44,129 - core.market_data - ERROR - NSE data fetch error for TCS: Event loop is closed
2024-10-25 11:19:44,192 - core.market_data - ERROR - NSE data fetch error for INFY: Event loop is closed
2024-10-25 11:19:44,239 - core.market_data - ERROR - NSE data fetch error for HDFCBANK: Event loop is closed
2024-10-25 11:30:13,164 - core.market_data - ERROR - NSE data fetch error for RELIANCE: Event loop is closed
2024-10-25 11:30:13,292 - core.market_data - ERROR - NSE data fetch error for TCS: Event loop is closed
2024-10-25 11:30:13,430 - core.market_data - ERROR - NSE data fetch error for INFY: Event loop is closed
2024-10-25 11:30:13,690 - core.market_data - ERROR - NSE data fetch error for HDFCBANK: Event loop is closed
2024-10-25 11:30:13,754 - core.market_data - ERROR - NSE data fetch error for RELIANCE: Event loop is closed
2024-10-25 11:30:13,790 - core.market_data - ERROR - NSE data fetch error for TCS: Event loop is closed
2024-10-25 11:30:13,826 - core.market_data - ERROR - NSE data fetch error for INFY: Event loop is closed
2024-10-25 11:30:13,864 - core.market_data - ERROR - NSE data fetch error for HDFCBANK: Event loop is closed
2024-10-25 11:30:29,769 - core.market_data - ERROR - NSE data fetch error for RELIANCE: Event loop is closed
2024-10-25 11:30:29,904 - core.market_data - ERROR - NSE data fetch error for TCS: Event loop is closed
2024-10-25 11:30:30,155 - core.market_data - ERROR - NSE data fetch error for INFY: Event loop is closed
2024-10-25 11:30:30,280 - core.market_data - ERROR - NSE data fetch error for HDFCBANK: Event loop is closed
2024-10-25 11:30:30,312 - core.market_data - ERROR - NSE data fetch error for RELIANCE: Event loop is closed
2024-10-25 11:30:30,347 - core.market_data - ERROR - NSE data fetch error for TCS: Event loop is closed
2024-10-25 11:30:30,379 - core.market_data - ERROR - NSE data fetch error for INFY: Event loop is closed
2024-10-25 11:30:30,415 - core.market_data - ERROR - NSE data fetch error for HDFCBANK: Event loop is closed
