2024-10-25 11:08:24,045 - core.portfolio - INFO - 
        Portfolio State:
        Cash: 100000.00
        Positions Value: 0.00
        Total Value: 100000.00
        Returns: 0.00%
        Active Positions: 0
        Total Trades: 0
        
2024-10-25 11:10:47,453 - core.portfolio - INFO - 
        Portfolio State:
        Cash: 100000.00
        Positions Value: 0.00
        Total Value: 100000.00
        Returns: 0.00%
        Active Positions: 0
        Total Trades: 0
        
2024-10-25 11:12:36,794 - core.portfolio - INFO - 
        Portfolio State:
        Cash: 100000.00
        Positions Value: 0.00
        Total Value: 100000.00
        Returns: 0.00%
        Active Positions: 0
        Total Trades: 0
        
2024-10-25 11:12:53,433 - core.portfolio - INFO - 
        Portfolio State:
        Cash: 100000.00
        Positions Value: 0.00
        Total Value: 100000.00
        Returns: 0.00%
        Active Positions: 0
        Total Trades: 0
        
2024-10-25 11:12:54,060 - core.portfolio - INFO - 
        Portfolio State:
        Cash: 100000.00
        Positions Value: 0.00
        Total Value: 100000.00
        Returns: 0.00%
        Active Positions: 0
        Total Trades: 0
        
2024-10-25 11:13:01,039 - core.portfolio - INFO - 
        Portfolio State:
        Cash: 100000.00
        Positions Value: 0.00
        Total Value: 100000.00
        Returns: 0.00%
        Active Positions: 0
        Total Trades: 0
        
2024-10-25 11:13:01,687 - core.portfolio - INFO - 
        Portfolio State:
        Cash: 100000.00
        Positions Value: 0.00
        Total Value: 100000.00
        Returns: 0.00%
        Active Positions: 0
        Total Trades: 0
        
2024-10-25 11:13:05,271 - core.portfolio - INFO - 
        Portfolio State:
        Cash: 100000.00
        Positions Value: 0.00
        Total Value: 100000.00
        Returns: 0.00%
        Active Positions: 0
        Total Trades: 0
        
2024-10-25 11:13:05,832 - core.portfolio - INFO - 
        Portfolio State:
        Cash: 100000.00
        Positions Value: 0.00
        Total Value: 100000.00
        Returns: 0.00%
        Active Positions: 0
        Total Trades: 0
        
2024-10-25 11:13:10,392 - core.portfolio - INFO - 
        Portfolio State:
        Cash: 100000.00
        Positions Value: 0.00
        Total Value: 100000.00
        Returns: 0.00%
        Active Positions: 0
        Total Trades: 0
        
2024-10-25 11:13:10,933 - core.portfolio - INFO - 
        Portfolio State:
        Cash: 100000.00
        Positions Value: 0.00
        Total Value: 100000.00
        Returns: 0.00%
        Active Positions: 0
        Total Trades: 0
        
2024-10-25 11:13:13,020 - core.portfolio - INFO - 
        Portfolio State:
        Cash: 100000.00
        Positions Value: 0.00
        Total Value: 100000.00
        Returns: 0.00%
        Active Positions: 0
        Total Trades: 0
        
2024-10-25 11:13:13,666 - core.portfolio - INFO - 
        Portfolio State:
        Cash: 100000.00
        Positions Value: 0.00
        Total Value: 100000.00
        Returns: 0.00%
        Active Positions: 0
        Total Trades: 0
        
2024-10-25 11:13:19,115 - core.portfolio - INFO - 
        Portfolio State:
        Cash: 100000.00
        Positions Value: 0.00
        Total Value: 100000.00
        Returns: 0.00%
        Active Positions: 0
        Total Trades: 0
        
2024-10-25 11:13:19,687 - core.portfolio - INFO - 
        Portfolio State:
        Cash: 100000.00
        Positions Value: 0.00
        Total Value: 100000.00
        Returns: 0.00%
        Active Positions: 0
        Total Trades: 0
        
2024-10-25 11:18:44,386 - core.portfolio - INFO - 
        Portfolio State:
        Cash: 100000.00
        Positions Value: 0.00
        Total Value: 100000.00
        Returns: 0.00%
        Active Positions: 0
        Total Trades: 0
        
2024-10-25 11:18:48,613 - core.portfolio - INFO - 
        Portfolio State:
        Cash: 100000.00
        Positions Value: 0.00
        Total Value: 100000.00
        Returns: 0.00%
        Active Positions: 0
        Total Trades: 0
        
2024-10-25 11:18:54,002 - core.portfolio - INFO - 
        Portfolio State:
        Cash: 100000.00
        Positions Value: 0.00
        Total Value: 100000.00
        Returns: 0.00%
        Active Positions: 0
        Total Trades: 0
        
2024-10-25 11:18:59,059 - core.portfolio - INFO - 
        Portfolio State:
        Cash: 100000.00
        Positions Value: 0.00
        Total Value: 100000.00
        Returns: 0.00%
        Active Positions: 0
        Total Trades: 0
        
2024-10-25 11:19:08,058 - core.portfolio - INFO - 
        Portfolio State:
        Cash: 100000.00
        Positions Value: 0.00
        Total Value: 100000.00
        Returns: 0.00%
        Active Positions: 0
        Total Trades: 0
        
2024-10-25 11:19:10,462 - core.portfolio - INFO - 
        Portfolio State:
        Cash: 100000.00
        Positions Value: 0.00
        Total Value: 100000.00
        Returns: 0.00%
        Active Positions: 0
        Total Trades: 0
        
2024-10-25 11:19:14,559 - core.portfolio - INFO - 
        Portfolio State:
        Cash: 100000.00
        Positions Value: 0.00
        Total Value: 100000.00
        Returns: 0.00%
        Active Positions: 0
        Total Trades: 0
        
2024-10-25 11:19:22,655 - core.portfolio - INFO - 
        Portfolio State:
        Cash: 100000.00
        Positions Value: 0.00
        Total Value: 100000.00
        Returns: 0.00%
        Active Positions: 0
        Total Trades: 0
        
2024-10-25 11:19:27,031 - core.portfolio - INFO - 
        Portfolio State:
        Cash: 100000.00
        Positions Value: 0.00
        Total Value: 100000.00
        Returns: 0.00%
        Active Positions: 0
        Total Trades: 0
        
2024-10-25 11:19:31,731 - core.portfolio - INFO - 
        Portfolio State:
        Cash: 100000.00
        Positions Value: 0.00
        Total Value: 100000.00
        Returns: 0.00%
        Active Positions: 0
        Total Trades: 0
        
2024-10-25 11:19:37,814 - core.portfolio - INFO - 
        Portfolio State:
        Cash: 100000.00
        Positions Value: 0.00
        Total Value: 100000.00
        Returns: 0.00%
        Active Positions: 0
        Total Trades: 0
        
2024-10-25 11:19:40,228 - core.portfolio - INFO - 
        Portfolio State:
        Cash: 100000.00
        Positions Value: 0.00
        Total Value: 100000.00
        Returns: 0.00%
        Active Positions: 0
        Total Trades: 0
        
2024-10-25 11:19:44,240 - core.portfolio - INFO - 
        Portfolio State:
        Cash: 100000.00
        Positions Value: 0.00
        Total Value: 100000.00
        Returns: 0.00%
        Active Positions: 0
        Total Trades: 0
        
2024-10-25 11:30:13,864 - core.portfolio - INFO - 
        Portfolio State:
        Cash: 100000.00
        Positions Value: 0.00
        Total Value: 100000.00
        Returns: 0.00%
        Active Positions: 0
        Total Trades: 0
        
2024-10-25 11:30:30,415 - core.portfolio - INFO - 
        Portfolio State:
        Cash: 100000.00
        Positions Value: 0.00
        Total Value: 100000.00
        Returns: 0.00%
        Active Positions: 0
        Total Trades: 0
        
